2025-03-06 19:39:18.545 [warning] Dir "/home/student_04_bb0cf112b446/.pixi/envs" is not watchable (directory does not exist)
2025-03-06 19:39:18.545 [info] Starting Environment refresh
2025-03-06 19:39:18.545 [info] Searching for interpreters in posix paths locator
2025-03-06 19:39:18.545 [info] Searching for pyenv environments
2025-03-06 19:39:18.545 [info] Searching for conda environments
2025-03-06 19:39:18.545 [info] Searching for global virtual environments
2025-03-06 19:39:18.545 [info] Searching for custom virtual environments
2025-03-06 19:39:18.545 [info] pyenv is not installed
2025-03-06 19:39:18.545 [info] Finished searching for pyenv environments: 28 milliseconds
2025-03-06 19:39:18.545 [info] Finished searching for custom virtual envs: 27 milliseconds
2025-03-06 19:39:18.545 [info] > conda info --json
2025-03-06 19:39:18.545 [info] > hatch env show --json
2025-03-06 19:39:18.545 [info] cwd: .
2025-03-06 19:39:18.545 [info] > pyenv which python
2025-03-06 19:39:18.545 [info] cwd: .
2025-03-06 19:39:18.545 [info] Finished searching for global virtual envs: 359 milliseconds
2025-03-06 19:39:18.662 [info] Found: /bin/python --> /bin/python3.12
2025-03-06 19:39:18.685 [info] Found: /bin/python3 --> /bin/python3.12
2025-03-06 19:39:18.690 [info] Found: /bin/python3.12 --> /bin/python3.12
2025-03-06 19:39:19.039 [info] Found: /usr/bin/python --> /usr/bin/python3.12
2025-03-06 19:39:19.054 [info] Found: /usr/bin/python3 --> /usr/bin/python3.12
2025-03-06 19:39:19.127 [info] Found: /usr/bin/python3.12 --> /usr/bin/python3.12
2025-03-06 19:39:19.528 [info] Finished searching for interpreters in posix paths locator: 1385 milliseconds
2025-03-06 19:39:19.528 [info] > /bin/python -I /google/devshell/editor/code-oss-for-cloud-shell/extensions/ms-python.python/python_files/get_output_via_markers.py /google/devshell/editor/code-oss-for-cloud-shell/extensions/ms-python.python/python_files/interpreterInfo.py
2025-03-06 19:39:19.678 [info] > /usr/bin/python -I /google/devshell/editor/code-oss-for-cloud-shell/extensions/ms-python.python/python_files/get_output_via_markers.py /google/devshell/editor/code-oss-for-cloud-shell/extensions/ms-python.python/python_files/interpreterInfo.py
2025-03-06 19:39:19.678 [info] Environments refresh paths discovered (event): 1549 milliseconds
2025-03-06 19:39:19.680 [info] Environments refresh paths discovered: 1552 milliseconds
2025-03-06 19:39:19.885 [info] Environments refresh finished (event): 1757 milliseconds
2025-03-06 19:39:19.910 [info] Environment refresh took 1781 milliseconds
2025-03-06 19:39:19.926 [info] Python interpreter path: /bin/python
2025-03-06 19:39:27.215 [info] Starting Jedi language server for student_04_bb0cf112b446.
