2025-03-06 19:39:29.201 [info] WARNING:pygls.protocol.json_rpc:Cancel notification for unknown message id "3"
WARNING:pygls.protocol.json_rpc:Cancel notification for unknown message id "2"

2025-03-06 19:39:29.204 [info] WARNING:pygls.protocol.json_rpc:Cancel notification for unknown message id "1"

2025-03-06 19:46:24.571 [info] ERROR:pygls.protocol.json_rpc:Failed to handle request 10 textDocument/hover HoverParams(text_document=TextDocumentIdentifier(uri='file:///home/student_04_bb0cf112b446/batch_processing_directory.py'), position=5:11, work_done_token=None)
Traceback (most recent call last):
  File "/google/devshell/editor/code-oss-for-cloud-shell/extensions/ms-python.python/python_files/lib/jedilsp/pygls/protocol/json_rpc.py", line 266, in _handle_request
    self._execute_request(msg_id, handler, params)
  File "/google/devshell/editor/code-oss-for-cloud-shell/extensions/ms-python.python/python_files/lib/jedilsp/pygls/protocol/json_rpc.py", line 188, in _execute_request
    self._send_response(msg_id, handler(params))
                                ^^^^^^^^^^^^^^^
  File "/google/devshell/editor/code-oss-for-cloud-shell/extensions/ms-python.python/python_files/lib/jedilsp/jedi_language_server/server.py", line 402, in hover
    hover_text = jedi_utils.hover_text(
                 ^^^^^^^^^^^^^^^^^^^^^^
  File "/google/devshell/editor/code-oss-for-cloud-shell/extensions/ms-python.python/python_files/lib/jedilsp/jedi_language_server/jedi_utils.py", line 657, in hover_text
    if _hover_ignore(name, initialization_options):
       ^^^^^^^^^^^^^^^^^^^^^^^^^^^^^^^^^^^^^^^^^^^
  File "/google/devshell/editor/code-oss-for-cloud-shell/extensions/ms-python.python/python_files/lib/jedilsp/jedi_language_server/jedi_utils.py", line 638, in _hover_ignore
    ignore_type: HoverDisableOptions = getattr(
                                       ^^^^^^^^
AttributeError: 'HoverDisable' object has no attribute 'namespace_'

2025-03-06 19:46:24.575 [info] [Error - 7:46:24 PM] Request textDocument/hover failed.
2025-03-06 19:46:24.575 [info]   Message: AttributeError: 'HoverDisable' object has no attribute 'namespace_'
  Code: -32603 
[object Object]
