2025-03-06 19:39:12.611 [info] Extension host with pid 1823 started
2025-03-06 19:39:12.646 [info] Lock '/home/student_04_bb0cf112b446/.codeoss/data/User/workspaceStorage/-1719f641/vscode.lock': Lock acquired.
2025-03-06 19:39:12.722 [info] ExtensionService#_doActivateExtension vscode.emmet, startup: false, activationEvent: 'onLanguage'
2025-03-06 19:39:12.870 [info] ExtensionService#_doActivateExtension vscode.git-base, startup: true, activationEvent: '*', root cause: vscode.git
2025-03-06 19:39:12.927 [info] ExtensionService#_doActivateExtension vscode.git, startup: true, activationEvent: '*'
2025-03-06 19:39:12.928 [info] ExtensionService#_doActivateExtension vscode.github, startup: true, activationEvent: '*'
2025-03-06 19:39:13.339 [info] Eager extensions activated
2025-03-06 19:39:13.340 [info] ExtensionService#_doActivateExtension EditorConfig.EditorConfig, startup: false, activationEvent: 'onStartupFinished'
2025-03-06 19:39:13.341 [info] ExtensionService#_doActivateExtension google.cloud-shell, startup: false, activationEvent: 'onStartupFinished'
2025-03-06 19:39:13.341 [info] ExtensionService#_doActivateExtension google.geminicodeassist, startup: false, activationEvent: 'onStartupFinished', root cause: googlecloudtools.cloudcode
2025-03-06 19:39:13.342 [info] ExtensionService#_doActivateExtension vscode.debug-auto-launch, startup: false, activationEvent: 'onStartupFinished'
2025-03-06 19:39:13.343 [info] ExtensionService#_doActivateExtension vscode.merge-conflict, startup: false, activationEvent: 'onStartupFinished'
2025-03-06 19:39:14.897 [info] ExtensionService#_doActivateExtension googlecloudtools.cloudcode, startup: false, activationEvent: 'onStartupFinished'
2025-03-06 19:39:17.266 [info] ExtensionService#_doActivateExtension ms-python.python, startup: false, activationEvent: 'onLanguage:python'
2025-03-06 19:39:17.615 [info] ExtensionService#_doActivateExtension vscode.configuration-editing, startup: false, activationEvent: 'onLanguage:jsonc'
2025-03-06 19:39:17.616 [info] ExtensionService#_doActivateExtension vscode.json-language-features, startup: false, activationEvent: 'onLanguage:jsonc'
2025-03-06 19:39:17.616 [info] ExtensionService#_doActivateExtension vscode.typescript-language-features, startup: false, activationEvent: 'onLanguage:jsonc'
2025-03-06 19:39:17.931 [error] Error: spawn /google/devshell/editor/code-oss-for-cloud-shell/extensions/ms-python.python/python-env-tools/bin/pet ENOENT
    at Process.ChildProcess._handle.onexit (node:internal/child_process:286:19)
    at onErrorNT (node:internal/child_process:484:16)
    at processTicksAndRejections (node:internal/process/task_queues:82:21)
2025-03-06 19:39:28.027 [info] ExtensionService#_doActivateExtension vscode.extension-editing, startup: false, activationEvent: 'onLanguage:json'
2025-03-06 19:39:28.028 [info] ExtensionService#_doActivateExtension vscode.npm, startup: false, activationEvent: 'onLanguage:json'
2025-03-06 19:39:46.886 [info] ExtensionService#_doActivateExtension vscode.github-authentication, startup: false, activationEvent: 'onAuthenticationRequest:github'
2025-03-06 19:44:39.818 [warning] [Decorations] CAPPING events from decorations provider vscode.git 319
2025-03-06 19:44:40.278 [warning] [Decorations] CAPPING events from decorations provider vscode.git 319
2025-03-06 19:44:40.798 [warning] [Decorations] CAPPING events from decorations provider vscode.git 319
2025-03-06 19:44:41.803 [error] Error: Failed to execute git
    at t.Git._exec (/google/devshell/editor/code-oss-for-cloud-shell/extensions/git/dist/main.js:2:131960)
    at processTicksAndRejections (node:internal/process/task_queues:95:5)
    at t.Git.exec (/google/devshell/editor/code-oss-for-cloud-shell/extensions/git/dist/main.js:2:131028)
    at F.exec (/google/devshell/editor/code-oss-for-cloud-shell/extensions/git/dist/main.js:2:136556)
    at F.handleCommitError (/google/devshell/editor/code-oss-for-cloud-shell/extensions/git/dist/main.js:2:144541)
    at F.commit (/google/devshell/editor/code-oss-for-cloud-shell/extensions/git/dist/main.js:2:144051)
    at /google/devshell/editor/code-oss-for-cloud-shell/extensions/git/dist/main.js:2:239336
    at T.retryRun (/google/devshell/editor/code-oss-for-cloud-shell/extensions/git/dist/main.js:2:254358)
    at T.run (/google/devshell/editor/code-oss-for-cloud-shell/extensions/git/dist/main.js:2:253962)
    at T.commit (/google/devshell/editor/code-oss-for-cloud-shell/extensions/git/dist/main.js:2:239018)
    at /google/devshell/editor/code-oss-for-cloud-shell/extensions/github/dist/extension.js:2:16498
2025-03-06 19:44:44.525 [warning] [Decorations] CAPPING events from decorations provider vscode.git 319
2025-03-06 19:44:49.176 [warning] [Decorations] CAPPING events from decorations provider vscode.git 319
2025-03-06 19:44:49.581 [warning] [Decorations] CAPPING events from decorations provider vscode.git 319
2025-03-06 19:44:54.637 [warning] [Decorations] CAPPING events from decorations provider vscode.git 319
2025-03-06 19:44:59.697 [warning] [Decorations] CAPPING events from decorations provider vscode.git 319
2025-03-06 19:45:04.750 [warning] [Decorations] CAPPING events from decorations provider vscode.git 319
2025-03-06 19:45:09.825 [warning] [Decorations] CAPPING events from decorations provider vscode.git 319
2025-03-06 19:45:14.883 [warning] [Decorations] CAPPING events from decorations provider vscode.git 320
2025-03-06 19:45:44.968 [warning] [Decorations] CAPPING events from decorations provider vscode.git 320
2025-03-06 19:45:50.024 [warning] [Decorations] CAPPING events from decorations provider vscode.git 320
2025-03-06 19:45:55.077 [warning] [Decorations] CAPPING events from decorations provider vscode.git 320
2025-03-06 19:46:00.132 [warning] [Decorations] CAPPING events from decorations provider vscode.git 320
2025-03-06 19:46:05.187 [warning] [Decorations] CAPPING events from decorations provider vscode.git 320
2025-03-06 19:46:10.246 [warning] [Decorations] CAPPING events from decorations provider vscode.git 320
2025-03-06 19:46:15.298 [warning] [Decorations] CAPPING events from decorations provider vscode.git 320
2025-03-06 19:46:20.351 [warning] [Decorations] CAPPING events from decorations provider vscode.git 320
2025-03-06 19:46:24.575 [error] [ms-python.python] provider FAILED
2025-03-06 19:46:24.575 [error] Error: AttributeError: 'HoverDisable' object has no attribute 'namespace_'
    at ae (/google/devshell/editor/code-oss-for-cloud-shell/extensions/ms-python.python/out/client/extension.js:2:2049071)
    at oe (/google/devshell/editor/code-oss-for-cloud-shell/extensions/ms-python.python/out/client/extension.js:2:2047031)
    at Immediate.<anonymous> (/google/devshell/editor/code-oss-for-cloud-shell/extensions/ms-python.python/out/client/extension.js:2:2043325)
    at processImmediate (node:internal/timers:483:21)
2025-03-06 19:46:25.382 [warning] [Decorations] CAPPING events from decorations provider vscode.git 320
2025-03-06 19:46:54.254 [warning] [Decorations] CAPPING events from decorations provider vscode.git 319
